<?xml version="1.0" encoding="UTF-8"?>
<!-- Generated by org.testng.reporters.JUnitXMLReporter -->
<testsuite hostname="Gilberts-MacBook-Pro.local" ignored="0" name="Ebay Test" tests="1" failures="1" timestamp="2022-05-23T17:25:30 PDT" time="8.386" errors="0">
  <testcase name="eBayTitleTest" time="0.011" classname="com.qa.company.tests.EbayTest">
    <failure type="java.lang.AssertionError" message="Wrong title expected [Amazon.com. Spend less. Smile more.] but found [Electronics, Cars, Fashion, Collectibles &amp;amp; More | eBay]">
      <![CDATA[java.lang.AssertionError: Wrong title expected [Amazon.com. Spend less. Smile more.] but found [Electronics, Cars, Fashion, Collectibles & More | eBay]
at com.qa.company.tests.EbayTest.eBayTitleTest(EbayTest.java:21)
at java.util.ArrayList.forEach(ArrayList.java:1259)
... Removed 32 stack frames]]>
    </failure>
  </testcase> <!-- eBayTitleTest -->
</testsuite> <!-- Ebay Test -->
