<?xml version="1.0" encoding="UTF-8"?>
<!-- Generated by org.testng.reporters.JUnitXMLReporter -->
<testsuite hostname="Gilberts-MacBook-Pro.local" ignored="0" name="Test" tests="1" failures="1" timestamp="2022-05-21T07:51:13 PDT" time="5.461" errors="0">
  <testcase name="orangeHRMTitleTest" time="0.014" classname="com.qa.company.tests.AmazonTest">
    <failure type="java.lang.NullPointerException">
      <![CDATA[java.lang.NullPointerException
at com.qa.company.tests.AmazonTest.orangeHRMTitleTest(AmazonTest.java:18)
at java.util.ArrayList.forEach(ArrayList.java:1259)
... Removed 27 stack frames]]>
    </failure>
  </testcase> <!-- orangeHRMTitleTest -->
</testsuite> <!-- Test -->
