<?xml version="1.0" encoding="UTF-8"?>
<!-- Generated by org.testng.reporters.JUnitXMLReporter -->
<testsuite ignored="0" hostname="Gilberts-MacBook-Pro.local" failures="1" tests="1" name="Ebay Test" time="13.814" errors="0" timestamp="2022-05-29T07:08:30 PDT">
  <testcase classname="com.qa.company.tests.EbayTest" name="eBayTitleTest" time="0.315">
    <failure type="java.lang.AssertionError" message="Wrong title expected [Amazon.com. Spend less. Smile more.] but found [Electronics, Cars, Fashion, Collectibles &amp;amp; More | eBay]">
      <![CDATA[java.lang.AssertionError: Wrong title expected [Amazon.com. Spend less. Smile more.] but found [Electronics, Cars, Fashion, Collectibles & More | eBay]
at com.qa.company.tests.EbayTest.eBayTitleTest(EbayTest.java:21)
at java.base/java.util.ArrayList.forEach(ArrayList.java:1511)
at java.base/java.util.concurrent.FutureTask.run(FutureTask.java:264)
at java.base/java.util.concurrent.ThreadPoolExecutor.runWorker(ThreadPoolExecutor.java:1130)
at java.base/java.util.concurrent.ThreadPoolExecutor$Worker.run(ThreadPoolExecutor.java:630)
at java.base/java.lang.Thread.run(Thread.java:832)
... Removed 23 stack frames]]>
    </failure>
  </testcase> <!-- eBayTitleTest -->
</testsuite> <!-- Ebay Test -->
