<?xml version="1.0" encoding="UTF-8"?>
<testng-results ignored="0" total="2" passed="2" failed="0" skipped="0">
  <reporter-output>
  </reporter-output>
  <suite started-at="2022-05-28T08:17:42 PDT" name="Suite" finished-at="2022-05-28T08:17:58 PDT" duration-ms="16117">
    <groups>
    </groups>
    <test started-at="2022-05-28T08:17:42 PDT" name="Ebay Test" finished-at="2022-05-28T08:17:58 PDT" duration-ms="16117">
      <class name="com.qa.company.tests.EbayTest">
        <test-method is-config="true" signature="setUp(java.lang.String,java.lang.String)[pri:0, instance:com.qa.company.tests.EbayTest@238bfd6c]" started-at="2022-05-28T08:17:42 PDT" name="setUp" finished-at="2022-05-28T08:17:57 PDT" duration-ms="15447" status="PASS">
          <params>
            <param index="0">
              <value>
                <![CDATA[FIREFOX]]>
              </value>
            </param>
            <param index="1">
              <value>
                <![CDATA[https://www.ebay.com]]>
              </value>
            </param>
          </params>
          <reporter-output>
          </reporter-output>
        </test-method> <!-- setUp -->
        <test-method signature="eBayTitleTest()[pri:1, instance:com.qa.company.tests.EbayTest@238bfd6c]" started-at="2022-05-28T08:17:58 PDT" name="eBayTitleTest" finished-at="2022-05-28T08:17:58 PDT" duration-ms="108" status="PASS">
          <reporter-output>
          </reporter-output>
        </test-method> <!-- eBayTitleTest -->
        <test-method is-config="true" signature="tearDown()[pri:0, instance:com.qa.company.tests.EbayTest@238bfd6c]" started-at="2022-05-28T08:17:58 PDT" name="tearDown" finished-at="2022-05-28T08:17:58 PDT" duration-ms="245" status="PASS">
          <reporter-output>
          </reporter-output>
        </test-method> <!-- tearDown -->
      </class> <!-- com.qa.company.tests.EbayTest -->
    </test> <!-- Ebay Test -->
    <test started-at="2022-05-28T08:17:42 PDT" name="Amazon Test" finished-at="2022-05-28T08:17:58 PDT" duration-ms="16116">
      <class name="com.qa.company.tests.AmazonTest">
        <test-method is-config="true" signature="setUp(java.lang.String,java.lang.String)[pri:0, instance:com.qa.company.tests.AmazonTest@3f9f71ff]" started-at="2022-05-28T08:17:42 PDT" name="setUp" finished-at="2022-05-28T08:17:57 PDT" duration-ms="15477" status="PASS">
          <params>
            <param index="0">
              <value>
                <![CDATA[chrome]]>
              </value>
            </param>
            <param index="1">
              <value>
                <![CDATA[https://www.amazon.com]]>
              </value>
            </param>
          </params>
          <reporter-output>
          </reporter-output>
        </test-method> <!-- setUp -->
        <test-method signature="amazonTitleTest()[pri:1, instance:com.qa.company.tests.AmazonTest@3f9f71ff]" started-at="2022-05-28T08:17:58 PDT" name="amazonTitleTest" finished-at="2022-05-28T08:17:58 PDT" duration-ms="87" status="PASS">
          <reporter-output>
          </reporter-output>
        </test-method> <!-- amazonTitleTest -->
        <test-method is-config="true" signature="tearDown()[pri:0, instance:com.qa.company.tests.AmazonTest@3f9f71ff]" started-at="2022-05-28T08:17:58 PDT" name="tearDown" finished-at="2022-05-28T08:17:58 PDT" duration-ms="245" status="PASS">
          <reporter-output>
          </reporter-output>
        </test-method> <!-- tearDown -->
      </class> <!-- com.qa.company.tests.AmazonTest -->
    </test> <!-- Amazon Test -->
  </suite> <!-- Suite -->
</testng-results>
