<?xml version="1.0" encoding="UTF-8"?>
<testng-results ignored="0" total="1" passed="1" failed="0" skipped="0">
  <reporter-output>
  </reporter-output>
  <suite started-at="2022-05-23T17:35:59 PDT" name="Suite" finished-at="2022-05-23T17:36:06 PDT" duration-ms="7174">
    <groups>
    </groups>
    <test started-at="2022-05-23T17:35:59 PDT" name="Test" finished-at="2022-05-23T17:36:06 PDT" duration-ms="7174">
      <class name="com.qa.company.tests.AmazonTest">
        <test-method is-config="true" signature="setUp(java.lang.String,java.lang.String)[pri:0, instance:com.qa.company.tests.AmazonTest@3163987e]" started-at="2022-05-23T17:35:59 PDT" name="setUp" finished-at="2022-05-23T17:36:06 PDT" duration-ms="6579" status="PASS">
          <params>
            <param index="0">
              <value>
                <![CDATA[chrome]]>
              </value>
            </param>
            <param index="1">
              <value>
                <![CDATA[https://www.amazon.com]]>
              </value>
            </param>
          </params>
          <reporter-output>
          </reporter-output>
        </test-method> <!-- setUp -->
        <test-method signature="amazonTitleTest()[pri:1, instance:com.qa.company.tests.AmazonTest@3163987e]" started-at="2022-05-23T17:36:06 PDT" name="amazonTitleTest" finished-at="2022-05-23T17:36:06 PDT" duration-ms="129" status="PASS">
          <reporter-output>
          </reporter-output>
        </test-method> <!-- amazonTitleTest -->
        <test-method is-config="true" signature="tearDown()[pri:0, instance:com.qa.company.tests.AmazonTest@3163987e]" started-at="2022-05-23T17:36:06 PDT" name="tearDown" finished-at="2022-05-23T17:36:06 PDT" duration-ms="166" status="PASS">
          <reporter-output>
          </reporter-output>
        </test-method> <!-- tearDown -->
      </class> <!-- com.qa.company.tests.AmazonTest -->
    </test> <!-- Test -->
  </suite> <!-- Suite -->
</testng-results>
