<?xml version="1.0" encoding="UTF-8"?>
<testng-results skipped="0" failed="0" ignored="0" total="2" passed="2">
  <reporter-output>
  </reporter-output>
  <suite name="Sauce Labs Test Automation" duration-ms="15699" started-at="2022-05-29T06:44:58 PDT" finished-at="2022-05-29T06:45:13 PDT">
    <groups>
    </groups>
    <test name="Sauce Test - Chrome" duration-ms="13444" started-at="2022-05-29T06:44:58 PDT" finished-at="2022-05-29T06:45:11 PDT">
      <class name="com.qa.company.cloud.SauceDemoTest">
        <test-method status="PASS" signature="setUp(java.lang.String, java.lang.String, java.lang.String, java.lang.reflect.Method)[pri:0, instance:com.qa.company.cloud.SauceDemoTest@655523dd]" name="setUp" is-config="true" duration-ms="7906" started-at="2022-05-29T06:44:58 PDT" finished-at="2022-05-29T06:45:06 PDT">
          <params>
            <param index="0">
              <value>
                <![CDATA[chrome]]>
              </value>
            </param>
            <param index="1">
              <value>
                <![CDATA[macOS 10.15]]>
              </value>
            </param>
            <param index="2">
              <value>
                <![CDATA[latest]]>
              </value>
            </param>
            <param index="3">
              <value>
                <![CDATA[public void com.qa.company.cloud.SauceDemoTest.veriyLogin()]]>
              </value>
            </param>
          </params>
          <reporter-output>
          </reporter-output>
        </test-method> <!-- setUp -->
        <test-method status="PASS" signature="veriyLogin()[pri:0, instance:com.qa.company.cloud.SauceDemoTest@655523dd]" name="veriyLogin" duration-ms="5013" started-at="2022-05-29T06:45:06 PDT" finished-at="2022-05-29T06:45:11 PDT">
          <reporter-output>
          </reporter-output>
        </test-method> <!-- veriyLogin -->
        <test-method status="PASS" signature="tearDown()[pri:0, instance:com.qa.company.cloud.SauceDemoTest@655523dd]" name="tearDown" is-config="true" duration-ms="199" started-at="2022-05-29T06:45:11 PDT" finished-at="2022-05-29T06:45:11 PDT">
          <reporter-output>
          </reporter-output>
        </test-method> <!-- tearDown -->
      </class> <!-- com.qa.company.cloud.SauceDemoTest -->
    </test> <!-- Sauce Test - Chrome -->
    <test name="Sauce Test - FF" duration-ms="15698" started-at="2022-05-29T06:44:58 PDT" finished-at="2022-05-29T06:45:13 PDT">
      <class name="com.qa.company.cloud.SauceDemoTest">
        <test-method status="PASS" signature="setUp(java.lang.String, java.lang.String, java.lang.String, java.lang.reflect.Method)[pri:0, instance:com.qa.company.cloud.SauceDemoTest@7ad54c55]" name="setUp" is-config="true" duration-ms="10118" started-at="2022-05-29T06:44:58 PDT" finished-at="2022-05-29T06:45:08 PDT">
          <params>
            <param index="0">
              <value>
                <![CDATA[firefox]]>
              </value>
            </param>
            <param index="1">
              <value>
                <![CDATA[windows 11]]>
              </value>
            </param>
            <param index="2">
              <value>
                <![CDATA[latest]]>
              </value>
            </param>
            <param index="3">
              <value>
                <![CDATA[public void com.qa.company.cloud.SauceDemoTest.veriyLogin()]]>
              </value>
            </param>
          </params>
          <reporter-output>
          </reporter-output>
        </test-method> <!-- setUp -->
        <test-method status="PASS" signature="veriyLogin()[pri:0, instance:com.qa.company.cloud.SauceDemoTest@7ad54c55]" name="veriyLogin" duration-ms="5131" started-at="2022-05-29T06:45:08 PDT" finished-at="2022-05-29T06:45:13 PDT">
          <reporter-output>
          </reporter-output>
        </test-method> <!-- veriyLogin -->
        <test-method status="PASS" signature="tearDown()[pri:0, instance:com.qa.company.cloud.SauceDemoTest@7ad54c55]" name="tearDown" is-config="true" duration-ms="339" started-at="2022-05-29T06:45:13 PDT" finished-at="2022-05-29T06:45:13 PDT">
          <reporter-output>
          </reporter-output>
        </test-method> <!-- tearDown -->
      </class> <!-- com.qa.company.cloud.SauceDemoTest -->
    </test> <!-- Sauce Test - FF -->
  </suite> <!-- Sauce Labs Test Automation -->
</testng-results>
