<?xml version="1.0" encoding="UTF-8"?>
<testng-results skipped="0" failed="1" ignored="0" total="2" passed="1">
  <reporter-output>
  </reporter-output>
  <suite name="Suite" duration-ms="16649" started-at="2022-05-23T17:25:14 PDT" finished-at="2022-05-23T17:25:30 PDT">
    <groups>
    </groups>
    <test name="Amazon Test" duration-ms="7678" started-at="2022-05-23T17:25:14 PDT" finished-at="2022-05-23T17:25:21 PDT">
      <class name="com.qa.company.tests.AmazonTest">
        <test-method status="PASS" signature="setUp(java.lang.String, java.lang.String)[pri:0, instance:com.qa.company.tests.AmazonTest@1931d99]" name="setUp" is-config="true" duration-ms="6854" started-at="2022-05-23T17:25:14 PDT" finished-at="2022-05-23T17:25:21 PDT">
          <params>
            <param index="0">
              <value>
                <![CDATA[chrome]]>
              </value>
            </param>
            <param index="1">
              <value>
                <![CDATA[https://www.amazon.com]]>
              </value>
            </param>
          </params>
          <reporter-output>
          </reporter-output>
        </test-method> <!-- setUp -->
        <test-method status="PASS" signature="amazonTitleTest()[pri:1, instance:com.qa.company.tests.AmazonTest@1931d99]" name="amazonTitleTest" duration-ms="318" started-at="2022-05-23T17:25:21 PDT" finished-at="2022-05-23T17:25:21 PDT">
          <reporter-output>
          </reporter-output>
        </test-method> <!-- amazonTitleTest -->
        <test-method status="PASS" signature="tearDown()[pri:0, instance:com.qa.company.tests.AmazonTest@1931d99]" name="tearDown" is-config="true" duration-ms="262" started-at="2022-05-23T17:25:21 PDT" finished-at="2022-05-23T17:25:21 PDT">
          <reporter-output>
          </reporter-output>
        </test-method> <!-- tearDown -->
      </class> <!-- com.qa.company.tests.AmazonTest -->
    </test> <!-- Amazon Test -->
    <test name="Ebay Test" duration-ms="8386" started-at="2022-05-23T17:25:22 PDT" finished-at="2022-05-23T17:25:30 PDT">
      <class name="com.qa.company.tests.EbayTest">
        <test-method status="PASS" signature="setUp(java.lang.String, java.lang.String)[pri:0, instance:com.qa.company.tests.EbayTest@47547132]" name="setUp" is-config="true" duration-ms="5781" started-at="2022-05-23T17:25:22 PDT" finished-at="2022-05-23T17:25:28 PDT">
          <params>
            <param index="0">
              <value>
                <![CDATA[FIREFOX]]>
              </value>
            </param>
            <param index="1">
              <value>
                <![CDATA[https://www.ebay.com]]>
              </value>
            </param>
          </params>
          <reporter-output>
          </reporter-output>
        </test-method> <!-- setUp -->
        <test-method status="FAIL" signature="eBayTitleTest()[pri:1, instance:com.qa.company.tests.EbayTest@47547132]" name="eBayTitleTest" duration-ms="11" started-at="2022-05-23T17:25:28 PDT" finished-at="2022-05-23T17:25:28 PDT">
          <exception class="java.lang.AssertionError">
            <message>
              <![CDATA[Wrong title expected [Amazon.com. Spend less. Smile more.] but found [Electronics, Cars, Fashion, Collectibles & More | eBay]]]>
            </message>
            <full-stacktrace>
              <![CDATA[java.lang.AssertionError: Wrong title expected [Amazon.com. Spend less. Smile more.] but found [Electronics, Cars, Fashion, Collectibles & More | eBay]
at org.testng.Assert.fail(Assert.java:99)
at org.testng.Assert.failNotEquals(Assert.java:1037)
at org.testng.Assert.assertEqualsImpl(Assert.java:140)
at org.testng.Assert.assertEquals(Assert.java:122)
at org.testng.Assert.assertEquals(Assert.java:629)
at com.qa.company.tests.EbayTest.eBayTitleTest(EbayTest.java:21)
at sun.reflect.NativeMethodAccessorImpl.invoke0(Native Method)
at sun.reflect.NativeMethodAccessorImpl.invoke(NativeMethodAccessorImpl.java:62)
at sun.reflect.DelegatingMethodAccessorImpl.invoke(DelegatingMethodAccessorImpl.java:43)
at java.lang.reflect.Method.invoke(Method.java:498)
at org.testng.internal.MethodInvocationHelper.invokeMethod(MethodInvocationHelper.java:132)
at org.testng.internal.TestInvoker.invokeMethod(TestInvoker.java:599)
at org.testng.internal.TestInvoker.invokeTestMethod(TestInvoker.java:174)
at org.testng.internal.MethodRunner.runInSequence(MethodRunner.java:46)
at org.testng.internal.TestInvoker$MethodInvocationAgent.invoke(TestInvoker.java:822)
at org.testng.internal.TestInvoker.invokeTestMethods(TestInvoker.java:147)
at org.testng.internal.TestMethodWorker.invokeTestMethods(TestMethodWorker.java:146)
at org.testng.internal.TestMethodWorker.run(TestMethodWorker.java:128)
at java.util.ArrayList.forEach(ArrayList.java:1259)
at org.testng.TestRunner.privateRun(TestRunner.java:764)
at org.testng.TestRunner.run(TestRunner.java:585)
at org.testng.SuiteRunner.runTest(SuiteRunner.java:384)
at org.testng.SuiteRunner.runSequentially(SuiteRunner.java:378)
at org.testng.SuiteRunner.privateRun(SuiteRunner.java:337)
at org.testng.SuiteRunner.run(SuiteRunner.java:286)
at org.testng.SuiteRunnerWorker.runSuite(SuiteRunnerWorker.java:53)
at org.testng.SuiteRunnerWorker.run(SuiteRunnerWorker.java:96)
at org.testng.TestNG.runSuitesSequentially(TestNG.java:1218)
at org.testng.TestNG.runSuitesLocally(TestNG.java:1140)
at org.testng.TestNG.runSuites(TestNG.java:1069)
at org.testng.TestNG.run(TestNG.java:1037)
at org.testng.remote.AbstractRemoteTestNG.run(AbstractRemoteTestNG.java:115)
at org.testng.remote.RemoteTestNG.initAndRun(RemoteTestNG.java:251)
at org.testng.remote.RemoteTestNG.main(RemoteTestNG.java:77)
]]>
            </full-stacktrace>
          </exception> <!-- java.lang.AssertionError -->
          <reporter-output>
          </reporter-output>
        </test-method> <!-- eBayTitleTest -->
        <test-method status="PASS" signature="tearDown()[pri:0, instance:com.qa.company.tests.EbayTest@47547132]" name="tearDown" is-config="true" duration-ms="932" started-at="2022-05-23T17:25:29 PDT" finished-at="2022-05-23T17:25:30 PDT">
          <reporter-output>
          </reporter-output>
        </test-method> <!-- tearDown -->
      </class> <!-- com.qa.company.tests.EbayTest -->
    </test> <!-- Ebay Test -->
  </suite> <!-- Suite -->
</testng-results>
